[ 2017-12-04T12:02:29+08:00 ] 192.168.33.1 /favicon.ico
INFO: [ app_init ] --START--
INFO: Run Behavior\BuildLiteBehavior [ RunTime:0.000026s ]
INFO: [ app_init ] --END-- [ RunTime:0.000179s ]
ERR: 无法加载模块:Favicon

[ 2017-12-04T12:10:02+08:00 ] 192.168.33.1 /Public/css/imgbox-bg-n.png
INFO: [ app_init ] --START--
INFO: Run Behavior\BuildLiteBehavior [ RunTime:0.000034s ]
INFO: [ app_init ] --END-- [ RunTime:0.001107s ]
ERR: 无法加载模块:Public

[ 2017-12-04T12:10:02+08:00 ] 192.168.33.1 /Public/css/imgbox-bg-ne.png
INFO: [ app_init ] --START--
INFO: Run Behavior\BuildLiteBehavior [ RunTime:0.000029s ]
INFO: [ app_init ] --END-- [ RunTime:0.000174s ]
ERR: 无法加载模块:Public

[ 2017-12-04T12:10:02+08:00 ] 192.168.33.1 /Public/css/imgbox-bg-se.png
INFO: [ app_init ] --START--
INFO: Run Behavior\BuildLiteBehavior [ RunTime:0.000001s ]
INFO: [ app_init ] --END-- [ RunTime:0.000001s ]
ERR: 无法加载模块:Public

[ 2017-12-04T12:10:02+08:00 ] 192.168.33.1 /Public/css/imgbox-bg-e.png
INFO: [ app_init ] --START--
INFO: Run Behavior\BuildLiteBehavior [ RunTime:0.000024s ]
INFO: [ app_init ] --END-- [ RunTime:0.000154s ]
ERR: 无法加载模块:Public

[ 2017-12-04T12:10:02+08:00 ] 192.168.33.1 /Public/css/imgbox-bg-s.png
INFO: [ app_init ] --START--
INFO: Run Behavior\BuildLiteBehavior [ RunTime:0.000000s ]
INFO: [ app_init ] --END-- [ RunTime:0.000002s ]
ERR: 无法加载模块:Public

[ 2017-12-04T12:10:02+08:00 ] 192.168.33.1 /Public/css/imgbox-bg-w.png
INFO: [ app_init ] --START--
INFO: Run Behavior\BuildLiteBehavior [ RunTime:0.000026s ]
INFO: [ app_init ] --END-- [ RunTime:0.000157s ]
ERR: 无法加载模块:Public

[ 2017-12-04T12:10:02+08:00 ] 192.168.33.1 /Public/css/imgbox-bg-sw.png
INFO: [ app_init ] --START--
INFO: Run Behavior\BuildLiteBehavior [ RunTime:0.000027s ]
INFO: [ app_init ] --END-- [ RunTime:0.000176s ]
ERR: 无法加载模块:Public

[ 2017-12-04T12:10:02+08:00 ] 192.168.33.1 /Public/css/imgbox-bg-nw.png
INFO: [ app_init ] --START--
INFO: Run Behavior\BuildLiteBehavior [ RunTime:0.000026s ]
INFO: [ app_init ] --END-- [ RunTime:0.000157s ]
ERR: 无法加载模块:Public

[ 2017-12-04T12:10:03+08:00 ] 192.168.33.1 /Public/css/imgbox-close.png
INFO: [ app_init ] --START--
INFO: Run Behavior\BuildLiteBehavior [ RunTime:0.000027s ]
INFO: [ app_init ] --END-- [ RunTime:0.000162s ]
ERR: 无法加载模块:Public

[ 2017-12-04T12:10:30+08:00 ] 192.168.33.1 /about.html
INFO: [ app_init ] --START--
INFO: Run Behavior\BuildLiteBehavior [ RunTime:0.000022s ]
INFO: [ app_init ] --END-- [ RunTime:0.000700s ]
ERR: 无法加载模块:About

