[ 2017-11-24T14:28:33+08:00 ] 192.168.33.1 /favicon.ico
INFO: [ app_init ] --START--
INFO: Run Behavior\BuildLiteBehavior [ RunTime:0.000024s ]
INFO: [ app_init ] --END-- [ RunTime:0.000137s ]
ERR: 无法加载模块:Favicon

[ 2017-11-24T14:28:38+08:00 ] 192.168.33.1 /favicon.ico
INFO: [ app_init ] --START--
INFO: Run Behavior\BuildLiteBehavior [ RunTime:0.000053s ]
INFO: [ app_init ] --END-- [ RunTime:0.000303s ]
ERR: 无法加载模块:Favicon

[ 2017-11-24T14:30:13+08:00 ] 192.168.33.1 /Public/css/imgbox-bg-sw.png
INFO: [ app_init ] --START--
INFO: Run Behavior\BuildLiteBehavior [ RunTime:0.000027s ]
INFO: [ app_init ] --END-- [ RunTime:0.000179s ]
ERR: 无法加载模块:Public

[ 2017-11-24T14:30:13+08:00 ] 192.168.33.1 /Public/css/imgbox-bg-se.png
INFO: [ app_init ] --START--
INFO: Run Behavior\BuildLiteBehavior [ RunTime:0.000028s ]
INFO: [ app_init ] --END-- [ RunTime:0.000229s ]
ERR: 无法加载模块:Public

[ 2017-11-24T14:30:13+08:00 ] 192.168.33.1 /Public/css/imgbox-bg-ne.png
INFO: [ app_init ] --START--
INFO: Run Behavior\BuildLiteBehavior [ RunTime:0.000033s ]
INFO: [ app_init ] --END-- [ RunTime:0.000241s ]
ERR: 无法加载模块:Public

[ 2017-11-24T14:30:13+08:00 ] 192.168.33.1 /Public/css/imgbox-bg-s.png
INFO: [ app_init ] --START--
INFO: Run Behavior\BuildLiteBehavior [ RunTime:0.000031s ]
INFO: [ app_init ] --END-- [ RunTime:0.000288s ]
ERR: 无法加载模块:Public

[ 2017-11-24T14:30:13+08:00 ] 192.168.33.1 /Public/css/imgbox-bg-n.png
INFO: [ app_init ] --START--
INFO: Run Behavior\BuildLiteBehavior [ RunTime:0.000034s ]
INFO: [ app_init ] --END-- [ RunTime:0.000340s ]
ERR: 无法加载模块:Public

[ 2017-11-24T14:30:13+08:00 ] 192.168.33.1 /Public/css/imgbox-bg-e.png
INFO: [ app_init ] --START--
INFO: Run Behavior\BuildLiteBehavior [ RunTime:0.000031s ]
INFO: [ app_init ] --END-- [ RunTime:0.000199s ]
ERR: 无法加载模块:Public

[ 2017-11-24T14:30:13+08:00 ] 192.168.33.1 /Public/css/imgbox-bg-w.png
INFO: [ app_init ] --START--
INFO: Run Behavior\BuildLiteBehavior [ RunTime:0.000027s ]
INFO: [ app_init ] --END-- [ RunTime:0.000175s ]
ERR: 无法加载模块:Public

[ 2017-11-24T14:30:13+08:00 ] 192.168.33.1 /Public/css/imgbox-bg-nw.png
INFO: [ app_init ] --START--
INFO: Run Behavior\BuildLiteBehavior [ RunTime:0.000023s ]
INFO: [ app_init ] --END-- [ RunTime:0.000219s ]
ERR: 无法加载模块:Public

[ 2017-11-24T14:30:14+08:00 ] 192.168.33.1 /Public/css/imgbox-close.png
INFO: [ app_init ] --START--
INFO: Run Behavior\BuildLiteBehavior [ RunTime:0.000024s ]
INFO: [ app_init ] --END-- [ RunTime:0.000750s ]
ERR: 无法加载模块:Public

