[ 2018-01-11T11:35:16+08:00 ] 192.168.33.1 /favicon.ico
INFO: [ app_init ] --START--
INFO: Run Behavior\BuildLiteBehavior [ RunTime:0.000025s ]
INFO: [ app_init ] --END-- [ RunTime:0.000153s ]
ERR: 无法加载模块:Favicon

[ 2018-01-11T12:09:02+08:00 ] 192.168.33.1 /Public/css/imgbox-bg-se.png
INFO: [ app_init ] --START--
INFO: Run Behavior\BuildLiteBehavior [ RunTime:0.000025s ]
INFO: [ app_init ] --END-- [ RunTime:0.003495s ]
ERR: 无法加载模块:Public

[ 2018-01-11T12:09:02+08:00 ] 192.168.33.1 /Public/css/imgbox-bg-ne.png
INFO: [ app_init ] --START--
INFO: Run Behavior\BuildLiteBehavior [ RunTime:0.000033s ]
INFO: [ app_init ] --END-- [ RunTime:0.004509s ]
ERR: 无法加载模块:Public

[ 2018-01-11T12:09:02+08:00 ] 192.168.33.1 /Public/css/imgbox-bg-s.png
INFO: [ app_init ] --START--
INFO: Run Behavior\BuildLiteBehavior [ RunTime:0.000029s ]
INFO: [ app_init ] --END-- [ RunTime:0.005110s ]
ERR: 无法加载模块:Public

[ 2018-01-11T12:09:02+08:00 ] 192.168.33.1 /Public/css/imgbox-bg-sw.png
INFO: [ app_init ] --START--
INFO: Run Behavior\BuildLiteBehavior [ RunTime:0.000027s ]
INFO: [ app_init ] --END-- [ RunTime:0.007671s ]
ERR: 无法加载模块:Public

[ 2018-01-11T12:09:02+08:00 ] 192.168.33.1 /Public/css/imgbox-bg-e.png
INFO: [ app_init ] --START--
INFO: Run Behavior\BuildLiteBehavior [ RunTime:0.000031s ]
INFO: [ app_init ] --END-- [ RunTime:0.004494s ]
ERR: 无法加载模块:Public

[ 2018-01-11T12:09:02+08:00 ] 192.168.33.1 /Public/css/imgbox-bg-n.png
INFO: [ app_init ] --START--
INFO: Run Behavior\BuildLiteBehavior [ RunTime:0.000024s ]
INFO: [ app_init ] --END-- [ RunTime:0.005728s ]
ERR: 无法加载模块:Public

[ 2018-01-11T12:09:02+08:00 ] 192.168.33.1 /Public/css/imgbox-bg-w.png
INFO: [ app_init ] --START--
INFO: Run Behavior\BuildLiteBehavior [ RunTime:0.000028s ]
INFO: [ app_init ] --END-- [ RunTime:0.000176s ]
ERR: 无法加载模块:Public

[ 2018-01-11T12:09:02+08:00 ] 192.168.33.1 /Public/css/imgbox-bg-nw.png
INFO: [ app_init ] --START--
INFO: Run Behavior\BuildLiteBehavior [ RunTime:0.000028s ]
INFO: [ app_init ] --END-- [ RunTime:0.000183s ]
ERR: 无法加载模块:Public

[ 2018-01-11T12:09:02+08:00 ] 192.168.33.1 /Public/css/imgbox-close.png
INFO: [ app_init ] --START--
INFO: Run Behavior\BuildLiteBehavior [ RunTime:0.000026s ]
INFO: [ app_init ] --END-- [ RunTime:0.000161s ]
ERR: 无法加载模块:Public

