[ 2018-01-10T09:25:08+08:00 ] 192.168.33.1 /favicon.ico
INFO: [ app_init ] --START--
INFO: Run Behavior\BuildLiteBehavior [ RunTime:0.000032s ]
INFO: [ app_init ] --END-- [ RunTime:0.000274s ]
ERR: 无法加载模块:Favicon

[ 2018-01-10T09:56:30+08:00 ] 192.168.33.1 /Public/css/imgbox-bg-n.png
INFO: [ app_init ] --START--
INFO: Run Behavior\BuildLiteBehavior [ RunTime:0.000044s ]
INFO: [ app_init ] --END-- [ RunTime:0.007384s ]
ERR: 无法加载模块:Public

[ 2018-01-10T09:56:30+08:00 ] 192.168.33.1 /Public/css/imgbox-bg-s.png
INFO: [ app_init ] --START--
INFO: Run Behavior\BuildLiteBehavior [ RunTime:0.000049s ]
INFO: [ app_init ] --END-- [ RunTime:0.000292s ]
ERR: 无法加载模块:Public

[ 2018-01-10T09:56:30+08:00 ] 192.168.33.1 /Public/css/imgbox-bg-sw.png
INFO: [ app_init ] --START--
INFO: Run Behavior\BuildLiteBehavior [ RunTime:0.000026s ]
INFO: [ app_init ] --END-- [ RunTime:0.000162s ]
ERR: 无法加载模块:Public

[ 2018-01-10T09:56:30+08:00 ] 192.168.33.1 /Public/css/imgbox-bg-nw.png
INFO: [ app_init ] --START--
INFO: Run Behavior\BuildLiteBehavior [ RunTime:0.000021s ]
INFO: [ app_init ] --END-- [ RunTime:0.000118s ]
ERR: 无法加载模块:Public

[ 2018-01-10T09:56:30+08:00 ] 192.168.33.1 /Public/css/imgbox-bg-se.png
INFO: [ app_init ] --START--
INFO: Run Behavior\BuildLiteBehavior [ RunTime:0.000022s ]
INFO: [ app_init ] --END-- [ RunTime:0.000144s ]
ERR: 无法加载模块:Public

[ 2018-01-10T09:56:30+08:00 ] 192.168.33.1 /Public/css/imgbox-bg-w.png
INFO: [ app_init ] --START--
INFO: Run Behavior\BuildLiteBehavior [ RunTime:0.000101s ]
INFO: [ app_init ] --END-- [ RunTime:0.000230s ]
ERR: 无法加载模块:Public

[ 2018-01-10T09:56:30+08:00 ] 192.168.33.1 /Public/css/imgbox-bg-ne.png
INFO: [ app_init ] --START--
INFO: Run Behavior\BuildLiteBehavior [ RunTime:0.000023s ]
INFO: [ app_init ] --END-- [ RunTime:0.000160s ]
ERR: 无法加载模块:Public

[ 2018-01-10T09:56:30+08:00 ] 192.168.33.1 /Public/css/imgbox-bg-e.png
INFO: [ app_init ] --START--
INFO: Run Behavior\BuildLiteBehavior [ RunTime:0.000026s ]
INFO: [ app_init ] --END-- [ RunTime:0.000157s ]
ERR: 无法加载模块:Public

[ 2018-01-10T09:56:31+08:00 ] 192.168.33.1 /Public/css/imgbox-close.png
INFO: [ app_init ] --START--
INFO: Run Behavior\BuildLiteBehavior [ RunTime:0.000026s ]
INFO: [ app_init ] --END-- [ RunTime:0.000156s ]
ERR: 无法加载模块:Public

